  Bullet.cpp
  CountDownState.cpp
  DoubleBuffer.cpp
C:\Users\mini\OneDrive\바탕 화면\Look_and_Shoot\Look_and_Shoot\Look_and_Shoot\DoubleBuffer.cpp(60,18): warning C4838: 'int'에서 'SHORT'(으)로의 변환에는 축소 변환이 필요합니다.
C:\Users\mini\OneDrive\바탕 화면\Look_and_Shoot\Look_and_Shoot\Look_and_Shoot\DoubleBuffer.cpp(60,23): warning C4838: 'int'에서 'SHORT'(으)로의 변환에는 축소 변환이 필요합니다.
C:\Users\mini\OneDrive\바탕 화면\Look_and_Shoot\Look_and_Shoot\Look_and_Shoot\DoubleBuffer.cpp(68,47): warning C4267: '인수': 'size_t'에서 'DWORD'(으)로 변환하면서 데이터가 손실될 수 있습니다.
  Enemy.cpp
  GameManager.cpp
  GameOverState.cpp
  GameState.cpp
  Look_and_Shoot.cpp
  Object.cpp
  Player.cpp
  Scene.cpp
  SceneManager.cpp
C:\Users\mini\OneDrive\바탕 화면\Look_and_Shoot\Look_and_Shoot\Look_and_Shoot\Stage.h(23,4): warning C4150: 불완전한 형식 'StageState'에 대한 포인터를 삭제했습니다. 소멸자가 호출되지 않습니다.
  (소스 파일 'SceneManager.cpp'을(를) 컴파일하는 중)
      C:\Users\mini\OneDrive\바탕 화면\Look_and_Shoot\Look_and_Shoot\Look_and_Shoot\Stage.h(6,7):
      'StageState' 선언을 참조하십시오.
  
  Stage.cpp
C:\Users\mini\OneDrive\바탕 화면\Look_and_Shoot\Look_and_Shoot\Look_and_Shoot\Stage.h(23,4): warning C4150: 불완전한 형식 'StageState'에 대한 포인터를 삭제했습니다. 소멸자가 호출되지 않습니다.
  (소스 파일 'Stage.cpp'을(를) 컴파일하는 중)
      C:\Users\mini\OneDrive\바탕 화면\Look_and_Shoot\Look_and_Shoot\Look_and_Shoot\Stage.h(6,7):
      'StageState' 선언을 참조하십시오.
  
  StageState.cpp
  Title.cpp
  코드를 생성하고 있습니다...
  Look_and_Shoot.vcxproj -> C:\Users\mini\OneDrive\바탕 화면\Look_and_Shoot\Look_and_Shoot\x64\Debug\Look_and_Shoot.exe
